<?xml version="1.0" encoding="UTF-8"?>
<robot generator="Robot 4.1.3 (Python 3.10.2 on win32)" generated="20220303 17:00:27.219" rpa="false" schemaversion="2">
<suite id="s1" name="MyntraRobot" source="C:\Users\user\PycharmProjects\RobotFramework\testcases\MyntraRobot.robot">
<test id="s1-t1" name="Users opens Myntra Homepage">
<kw name="Open Myntra Website" library="instructions">
<kw name="Open Browser" library="SeleniumLibrary">
<arg>${url}</arg>
<arg>${browser}</arg>
<doc>Opens a new browser instance to the optional ``url``.</doc>
<msg timestamp="20220303 17:00:27.562" level="INFO">Opening browser 'chrome' to base url 'https://www.myntra.com/'.</msg>
<status status="PASS" starttime="20220303 17:00:27.562" endtime="20220303 17:00:31.217"/>
</kw>
<kw name="Maximize Browser Window" library="SeleniumLibrary">
<doc>Maximizes current browser window.</doc>
<status status="PASS" starttime="20220303 17:00:31.217" endtime="20220303 17:00:31.396"/>
</kw>
<status status="PASS" starttime="20220303 17:00:27.561" endtime="20220303 17:00:31.397"/>
</kw>
<kw name="Navigate to category" library="instructions">
<kw name="Mouse Over" library="SeleniumLibrary">
<arg>//*[@class="desktop-main"]</arg>
<doc>Simulates hovering the mouse over the element ``locator``.</doc>
<msg timestamp="20220303 17:00:31.399" level="INFO">Simulating Mouse Over on element '//*[@class="desktop-main"]'.</msg>
<status status="PASS" starttime="20220303 17:00:31.398" endtime="20220303 17:00:31.844"/>
</kw>
<status status="PASS" starttime="20220303 17:00:31.398" endtime="20220303 17:00:31.845"/>
</kw>
<kw name="Click on a particular category" library="instructions">
<kw name="Click Element" library="SeleniumLibrary">
<arg>//*[@class="desktop-categoryLink" and @data-reactid= "39"]</arg>
<doc>Click the element identified by ``locator``.</doc>
<msg timestamp="20220303 17:00:31.846" level="INFO">Clicking element '//*[@class="desktop-categoryLink" and @data-reactid= "39"]'.</msg>
<status status="PASS" starttime="20220303 17:00:31.845" endtime="20220303 17:00:34.928"/>
</kw>
<status status="PASS" starttime="20220303 17:00:31.845" endtime="20220303 17:00:34.928"/>
</kw>
<kw name="Select a unique product" library="instructions">
<kw name="Click Element" library="SeleniumLibrary">
<arg>//*[@id="mountRoot"]/div/div[1]/main/div[3]/div[1]/section/div/div[2]/ul/li[2]/label/div</arg>
<doc>Click the element identified by ``locator``.</doc>
<msg timestamp="20220303 17:00:34.929" level="INFO">Clicking element '//*[@id="mountRoot"]/div/div[1]/main/div[3]/div[1]/section/div/div[2]/ul/li[2]/label/div'.</msg>
<status status="PASS" starttime="20220303 17:00:34.929" endtime="20220303 17:00:35.118"/>
</kw>
<kw name="Sleep" library="BuiltIn">
<arg>3s</arg>
<doc>Pauses the test executed for the given time.</doc>
<msg timestamp="20220303 17:00:38.121" level="INFO">Slept 3 seconds</msg>
<status status="PASS" starttime="20220303 17:00:35.118" endtime="20220303 17:00:38.121"/>
</kw>
<kw name="Scroll Element Into View" library="SeleniumLibrary">
<arg>${product1}</arg>
<doc>Scrolls the element identified by ``locator`` into view.</doc>
<status status="PASS" starttime="20220303 17:00:38.122" endtime="20220303 17:00:38.459"/>
</kw>
<kw name="Sleep" library="BuiltIn">
<arg>3s</arg>
<doc>Pauses the test executed for the given time.</doc>
<msg timestamp="20220303 17:00:41.468" level="INFO">Slept 3 seconds</msg>
<status status="PASS" starttime="20220303 17:00:38.459" endtime="20220303 17:00:41.468"/>
</kw>
<kw name="Click Element" library="SeleniumLibrary">
<arg>${product1}</arg>
<doc>Click the element identified by ``locator``.</doc>
<msg timestamp="20220303 17:00:41.468" level="INFO">Clicking element '//*[@id="desktopSearchResults"]/div[2]/section/ul/li[8]/a/div[1]/div'.</msg>
<status status="PASS" starttime="20220303 17:00:41.468" endtime="20220303 17:00:41.612"/>
</kw>
<kw name="Sleep" library="BuiltIn">
<arg>3s</arg>
<doc>Pauses the test executed for the given time.</doc>
<msg timestamp="20220303 17:00:44.621" level="INFO">Slept 3 seconds</msg>
<status status="PASS" starttime="20220303 17:00:41.612" endtime="20220303 17:00:44.622"/>
</kw>
<kw name="Switch Window" library="SeleniumLibrary">
<arg>NEW</arg>
<doc>Switches to browser window matching ``locator``.</doc>
<status status="PASS" starttime="20220303 17:00:44.622" endtime="20220303 17:00:44.641"/>
</kw>
<kw name="Click Element" library="SeleniumLibrary">
<arg>//*[@id="sizeButtonsContainer"]/div[2]/div[3]/div[1]/button/p</arg>
<doc>Click the element identified by ``locator``.</doc>
<msg timestamp="20220303 17:00:44.641" level="INFO">Clicking element '//*[@id="sizeButtonsContainer"]/div[2]/div[3]/div[1]/button/p'.</msg>
<status status="PASS" starttime="20220303 17:00:44.641" endtime="20220303 17:00:44.950"/>
</kw>
<kw name="Sleep" library="BuiltIn">
<arg>3s</arg>
<doc>Pauses the test executed for the given time.</doc>
<msg timestamp="20220303 17:00:47.955" level="INFO">Slept 3 seconds</msg>
<status status="PASS" starttime="20220303 17:00:44.950" endtime="20220303 17:00:47.955"/>
</kw>
<kw name="Click Element" library="SeleniumLibrary">
<arg>${add to cart}</arg>
<doc>Click the element identified by ``locator``.</doc>
<msg timestamp="20220303 17:00:47.957" level="INFO">Clicking element '//*[@class="myntraweb-sprite pdp-whiteBag sprites-whiteBag pdp-flex pdp-center"]'.</msg>
<status status="PASS" starttime="20220303 17:00:47.956" endtime="20220303 17:00:48.098"/>
</kw>
<kw name="Sleep" library="BuiltIn">
<arg>3s</arg>
<doc>Pauses the test executed for the given time.</doc>
<msg timestamp="20220303 17:00:51.103" level="INFO">Slept 3 seconds</msg>
<status status="PASS" starttime="20220303 17:00:48.098" endtime="20220303 17:00:51.104"/>
</kw>
<kw name="Switch Window" library="SeleniumLibrary">
<arg>MAIN</arg>
<doc>Switches to browser window matching ``locator``.</doc>
<status status="PASS" starttime="20220303 17:00:51.105" endtime="20220303 17:00:51.179"/>
</kw>
<kw name="Reload Page" library="SeleniumLibrary">
<doc>Simulates user reloading page.</doc>
<status status="PASS" starttime="20220303 17:00:51.179" endtime="20220303 17:00:51.247"/>
</kw>
<kw name="Sleep" library="BuiltIn">
<arg>3s</arg>
<doc>Pauses the test executed for the given time.</doc>
<msg timestamp="20220303 17:00:54.258" level="INFO">Slept 3 seconds</msg>
<status status="PASS" starttime="20220303 17:00:51.247" endtime="20220303 17:00:54.258"/>
</kw>
<kw name="Scroll Element Into View" library="SeleniumLibrary">
<arg>//*[@id="mountRoot"]/div/div[1]/main/div[3]/div[1]/section/div/div[2]/ul/li[2]/label</arg>
<doc>Scrolls the element identified by ``locator`` into view.</doc>
<status status="PASS" starttime="20220303 17:00:54.259" endtime="20220303 17:00:54.587"/>
</kw>
<kw name="Sleep" library="BuiltIn">
<arg>3s</arg>
<doc>Pauses the test executed for the given time.</doc>
<msg timestamp="20220303 17:00:57.594" level="INFO">Slept 3 seconds</msg>
<status status="PASS" starttime="20220303 17:00:54.588" endtime="20220303 17:00:57.594"/>
</kw>
<kw name="Click Element" library="SeleniumLibrary">
<arg>//*[@id="mountRoot"]/div/div[1]/main/div[3]/div[1]/section/div/div[2]/ul/li[2]/label/div</arg>
<doc>Click the element identified by ``locator``.</doc>
<msg timestamp="20220303 17:00:57.595" level="INFO">Clicking element '//*[@id="mountRoot"]/div/div[1]/main/div[3]/div[1]/section/div/div[2]/ul/li[2]/label/div'.</msg>
<status status="PASS" starttime="20220303 17:00:57.594" endtime="20220303 17:00:57.799"/>
</kw>
<kw name="Sleep" library="BuiltIn">
<arg>3s</arg>
<doc>Pauses the test executed for the given time.</doc>
<msg timestamp="20220303 17:01:00.810" level="INFO">Slept 3 seconds</msg>
<status status="PASS" starttime="20220303 17:00:57.799" endtime="20220303 17:01:00.810"/>
</kw>
<kw name="Click Element" library="SeleniumLibrary">
<arg>//*[@id="mountRoot"]/div/div[1]/main/div[3]/div[1]/section/div/div[2]/ul/li[6]/label</arg>
<doc>Click the element identified by ``locator``.</doc>
<msg timestamp="20220303 17:01:00.812" level="INFO">Clicking element '//*[@id="mountRoot"]/div/div[1]/main/div[3]/div[1]/section/div/div[2]/ul/li[6]/label'.</msg>
<status status="PASS" starttime="20220303 17:01:00.811" endtime="20220303 17:01:00.949"/>
</kw>
<kw name="Sleep" library="BuiltIn">
<arg>3s</arg>
<doc>Pauses the test executed for the given time.</doc>
<msg timestamp="20220303 17:01:03.951" level="INFO">Slept 3 seconds</msg>
<status status="PASS" starttime="20220303 17:01:00.950" endtime="20220303 17:01:03.951"/>
</kw>
<kw name="Scroll Element Into View" library="SeleniumLibrary">
<arg>${product2}</arg>
<doc>Scrolls the element identified by ``locator`` into view.</doc>
<status status="PASS" starttime="20220303 17:01:03.952" endtime="20220303 17:01:04.285"/>
</kw>
<kw name="Sleep" library="BuiltIn">
<arg>3s</arg>
<doc>Pauses the test executed for the given time.</doc>
<msg timestamp="20220303 17:01:07.295" level="INFO">Slept 3 seconds</msg>
<status status="PASS" starttime="20220303 17:01:04.285" endtime="20220303 17:01:07.296"/>
</kw>
<kw name="Click Element" library="SeleniumLibrary">
<arg>${product2}</arg>
<doc>Click the element identified by ``locator``.</doc>
<msg timestamp="20220303 17:01:07.297" level="INFO">Clicking element '//*[@id="desktopSearchResults"]/div[2]/section/ul/li[8]/a/div[2]/div/span[1]/span[2]'.</msg>
<status status="PASS" starttime="20220303 17:01:07.296" endtime="20220303 17:01:07.479"/>
</kw>
<kw name="Sleep" library="BuiltIn">
<arg>3s</arg>
<doc>Pauses the test executed for the given time.</doc>
<msg timestamp="20220303 17:01:10.489" level="INFO">Slept 3 seconds</msg>
<status status="PASS" starttime="20220303 17:01:07.479" endtime="20220303 17:01:10.490"/>
</kw>
<kw name="Switch Window" library="SeleniumLibrary">
<arg>NEW</arg>
<doc>Switches to browser window matching ``locator``.</doc>
<status status="PASS" starttime="20220303 17:01:10.492" endtime="20220303 17:01:10.536"/>
</kw>
<kw name="Sleep" library="BuiltIn">
<arg>2s</arg>
<doc>Pauses the test executed for the given time.</doc>
<msg timestamp="20220303 17:01:12.538" level="INFO">Slept 2 seconds</msg>
<status status="PASS" starttime="20220303 17:01:10.536" endtime="20220303 17:01:12.539"/>
</kw>
<kw name="Click Element" library="SeleniumLibrary">
<arg>//*[@id="sizeButtonsContainer"]/div[2]/div[3]/div[1]/button/p</arg>
<doc>Click the element identified by ``locator``.</doc>
<msg timestamp="20220303 17:01:12.541" level="INFO">Clicking element '//*[@id="sizeButtonsContainer"]/div[2]/div[3]/div[1]/button/p'.</msg>
<status status="PASS" starttime="20220303 17:01:12.539" endtime="20220303 17:01:12.781"/>
</kw>
<kw name="Sleep" library="BuiltIn">
<arg>3s</arg>
<doc>Pauses the test executed for the given time.</doc>
<msg timestamp="20220303 17:01:15.788" level="INFO">Slept 3 seconds</msg>
<status status="PASS" starttime="20220303 17:01:12.781" endtime="20220303 17:01:15.789"/>
</kw>
<kw name="Click Element" library="SeleniumLibrary">
<arg>${add to cart}</arg>
<doc>Click the element identified by ``locator``.</doc>
<msg timestamp="20220303 17:01:15.793" level="INFO">Clicking element '//*[@class="myntraweb-sprite pdp-whiteBag sprites-whiteBag pdp-flex pdp-center"]'.</msg>
<status status="PASS" starttime="20220303 17:01:15.790" endtime="20220303 17:01:15.925"/>
</kw>
<kw name="Sleep" library="BuiltIn">
<arg>3s</arg>
<doc>Pauses the test executed for the given time.</doc>
<msg timestamp="20220303 17:01:18.934" level="INFO">Slept 3 seconds</msg>
<status status="PASS" starttime="20220303 17:01:15.925" endtime="20220303 17:01:18.935"/>
</kw>
<kw name="Switch Window" library="SeleniumLibrary">
<arg>MAIN</arg>
<doc>Switches to browser window matching ``locator``.</doc>
<status status="PASS" starttime="20220303 17:01:18.936" endtime="20220303 17:01:19.011"/>
</kw>
<kw name="Reload Page" library="SeleniumLibrary">
<doc>Simulates user reloading page.</doc>
<status status="PASS" starttime="20220303 17:01:19.011" endtime="20220303 17:01:19.064"/>
</kw>
<kw name="Sleep" library="BuiltIn">
<arg>5s</arg>
<doc>Pauses the test executed for the given time.</doc>
<msg timestamp="20220303 17:01:24.064" level="INFO">Slept 5 seconds</msg>
<status status="PASS" starttime="20220303 17:01:19.064" endtime="20220303 17:01:24.065"/>
</kw>
<kw name="Click Element" library="SeleniumLibrary">
<arg>${bag}</arg>
<doc>Click the element identified by ``locator``.</doc>
<msg timestamp="20220303 17:01:24.067" level="INFO">Clicking element '//*[@class="desktop-userTitle" and @data-reactid=878]'.</msg>
<status status="PASS" starttime="20220303 17:01:24.066" endtime="20220303 17:01:26.017"/>
</kw>
<kw name="Sleep" library="BuiltIn">
<arg>5s</arg>
<doc>Pauses the test executed for the given time.</doc>
<msg timestamp="20220303 17:01:31.030" level="INFO">Slept 5 seconds</msg>
<status status="PASS" starttime="20220303 17:01:26.018" endtime="20220303 17:01:31.031"/>
</kw>
<status status="PASS" starttime="20220303 17:00:34.928" endtime="20220303 17:01:31.031"/>
</kw>
<status status="PASS" starttime="20220303 17:00:27.560" endtime="20220303 17:01:31.033"/>
</test>
<status status="PASS" starttime="20220303 17:00:27.221" endtime="20220303 17:01:31.038"/>
</suite>
<statistics>
<total>
<stat pass="1" fail="0" skip="0">All Tests</stat>
</total>
<tag>
</tag>
<suite>
<stat pass="1" fail="0" skip="0" id="s1" name="MyntraRobot">MyntraRobot</stat>
</suite>
</statistics>
<errors>
</errors>
</robot>
