<?xml version="1.0" encoding="UTF-8"?>
<robot generator="Robot 4.1.3 (Python 3.10.2 on win32)" generated="20220216 12:14:44.137" rpa="false" schemaversion="2">
<suite id="s1" name="MyntraRobot" source="C:\Users\user\PycharmProjects\RobotFramework\testcases\MyntraRobot.robot">
<test id="s1-t1" name="Opening Myntra Web Application">
<kw name="Open Myntra">
<kw name="Open Browser" library="SeleniumLibrary">
<arg>https://www.myntra.com/</arg>
<arg>chrome</arg>
<doc>Opens a new browser instance to the optional ``url``.</doc>
<msg timestamp="20220216 12:14:44.663" level="INFO">Opening browser 'chrome' to base url 'https://www.myntra.com/'.</msg>
<status status="PASS" starttime="20220216 12:14:44.663" endtime="20220216 12:14:52.934"/>
</kw>
<kw name="Sleep" library="BuiltIn">
<arg>5s</arg>
<doc>Pauses the test executed for the given time.</doc>
<msg timestamp="20220216 12:14:57.950" level="INFO">Slept 5 seconds</msg>
<status status="PASS" starttime="20220216 12:14:52.934" endtime="20220216 12:14:57.950"/>
</kw>
<kw name="Maximize Browser Window" library="SeleniumLibrary">
<doc>Maximizes current browser window.</doc>
<status status="PASS" starttime="20220216 12:14:57.950" endtime="20220216 12:14:58.136"/>
</kw>
<status status="PASS" starttime="20220216 12:14:44.662" endtime="20220216 12:14:58.136"/>
</kw>
<kw name="Navigate to category">
<kw name="Mouse Over" library="SeleniumLibrary">
<arg>//*[@id="desktop-header-cnt"]/div[2]/nav/div/div[1]/div/a</arg>
<doc>Simulates hovering the mouse over the element ``locator``.</doc>
<msg timestamp="20220216 12:14:58.140" level="INFO">Simulating Mouse Over on element '//*[@id="desktop-header-cnt"]/div[2]/nav/div/div[1]/div/a'.</msg>
<status status="PASS" starttime="20220216 12:14:58.139" endtime="20220216 12:14:58.545"/>
</kw>
<status status="PASS" starttime="20220216 12:14:58.138" endtime="20220216 12:14:58.545"/>
</kw>
<kw name="Click on a particular category">
<kw name="Click Element" library="SeleniumLibrary">
<arg>//*[@id="desktop-header-cnt"]/div[2]/nav/div/div[1]/div/div/div/div/li[1]/ul/li[6]/a</arg>
<doc>Click the element identified by ``locator``.</doc>
<msg timestamp="20220216 12:14:58.554" level="INFO">Clicking element '//*[@id="desktop-header-cnt"]/div[2]/nav/div/div[1]/div/div/div/div/li[1]/ul/li[6]/a'.</msg>
<status status="PASS" starttime="20220216 12:14:58.554" endtime="20220216 12:15:01.026"/>
</kw>
<status status="PASS" starttime="20220216 12:14:58.553" endtime="20220216 12:15:01.027"/>
</kw>
<kw name="Select a unique product">
<kw name="Click Element" library="SeleniumLibrary">
<arg>//*[@id="mountRoot"]/div/div[1]/main/div[3]/div[1]/section/div/div[2]/ul/li[2]/label/div</arg>
<doc>Click the element identified by ``locator``.</doc>
<msg timestamp="20220216 12:15:01.092" level="INFO">Clicking element '//*[@id="mountRoot"]/div/div[1]/main/div[3]/div[1]/section/div/div[2]/ul/li[2]/label/div'.</msg>
<status status="PASS" starttime="20220216 12:15:01.088" endtime="20220216 12:15:02.521"/>
</kw>
<kw name="Sleep" library="BuiltIn">
<arg>3s</arg>
<doc>Pauses the test executed for the given time.</doc>
<msg timestamp="20220216 12:15:05.522" level="INFO">Slept 3 seconds</msg>
<status status="PASS" starttime="20220216 12:15:02.521" endtime="20220216 12:15:05.522"/>
</kw>
<kw name="Scroll Element Into View" library="SeleniumLibrary">
<arg>//*[@id="desktopSearchResults"]/div[2]/section/ul/li[8]/a/div[1]/div</arg>
<doc>Scrolls the element identified by ``locator`` into view.</doc>
<status status="PASS" starttime="20220216 12:15:05.522" endtime="20220216 12:15:05.896"/>
</kw>
<kw name="Sleep" library="BuiltIn">
<arg>3s</arg>
<doc>Pauses the test executed for the given time.</doc>
<msg timestamp="20220216 12:15:08.917" level="INFO">Slept 3 seconds</msg>
<status status="PASS" starttime="20220216 12:15:05.897" endtime="20220216 12:15:08.918"/>
</kw>
<kw name="Click Element" library="SeleniumLibrary">
<arg>//*[@id="desktopSearchResults"]/div[2]/section/ul/li[8]/a/div[1]/div</arg>
<doc>Click the element identified by ``locator``.</doc>
<msg timestamp="20220216 12:15:08.918" level="INFO">Clicking element '//*[@id="desktopSearchResults"]/div[2]/section/ul/li[8]/a/div[1]/div'.</msg>
<status status="PASS" starttime="20220216 12:15:08.918" endtime="20220216 12:15:09.287"/>
</kw>
<kw name="Sleep" library="BuiltIn">
<arg>3s</arg>
<doc>Pauses the test executed for the given time.</doc>
<msg timestamp="20220216 12:15:12.299" level="INFO">Slept 3 seconds</msg>
<status status="PASS" starttime="20220216 12:15:09.287" endtime="20220216 12:15:12.299"/>
</kw>
<kw name="Switch Window" library="SeleniumLibrary">
<arg>NEW</arg>
<doc>Switches to browser window matching ``locator``.</doc>
<status status="PASS" starttime="20220216 12:15:12.299" endtime="20220216 12:15:12.404"/>
</kw>
<kw name="Click Element" library="SeleniumLibrary">
<arg>//*[@id="sizeButtonsContainer"]/div[2]/div[3]/div[1]/button/p</arg>
<doc>Click the element identified by ``locator``.</doc>
<msg timestamp="20220216 12:15:12.405" level="INFO">Clicking element '//*[@id="sizeButtonsContainer"]/div[2]/div[3]/div[1]/button/p'.</msg>
<status status="PASS" starttime="20220216 12:15:12.404" endtime="20220216 12:15:14.021"/>
</kw>
<kw name="Sleep" library="BuiltIn">
<arg>3s</arg>
<doc>Pauses the test executed for the given time.</doc>
<msg timestamp="20220216 12:15:17.022" level="INFO">Slept 3 seconds</msg>
<status status="PASS" starttime="20220216 12:15:14.021" endtime="20220216 12:15:17.022"/>
</kw>
<kw name="Click Element" library="SeleniumLibrary">
<arg>//*[@id="mountRoot"]/div/div/div/main/div[2]/div[2]/div[3]/div/div[1]</arg>
<doc>Click the element identified by ``locator``.</doc>
<msg timestamp="20220216 12:15:17.054" level="INFO">Clicking element '//*[@id="mountRoot"]/div/div/div/main/div[2]/div[2]/div[3]/div/div[1]'.</msg>
<status status="PASS" starttime="20220216 12:15:17.022" endtime="20220216 12:15:17.328"/>
</kw>
<kw name="Sleep" library="BuiltIn">
<arg>3s</arg>
<doc>Pauses the test executed for the given time.</doc>
<msg timestamp="20220216 12:15:20.336" level="INFO">Slept 3 seconds</msg>
<status status="PASS" starttime="20220216 12:15:17.328" endtime="20220216 12:15:20.336"/>
</kw>
<kw name="Switch Window" library="SeleniumLibrary">
<arg>MAIN</arg>
<doc>Switches to browser window matching ``locator``.</doc>
<status status="PASS" starttime="20220216 12:15:20.336" endtime="20220216 12:15:20.402"/>
</kw>
<kw name="Reload Page" library="SeleniumLibrary">
<doc>Simulates user reloading page.</doc>
<status status="PASS" starttime="20220216 12:15:20.402" endtime="20220216 12:15:20.519"/>
</kw>
<kw name="Sleep" library="BuiltIn">
<arg>3s</arg>
<doc>Pauses the test executed for the given time.</doc>
<msg timestamp="20220216 12:15:23.532" level="INFO">Slept 3 seconds</msg>
<status status="PASS" starttime="20220216 12:15:20.519" endtime="20220216 12:15:23.532"/>
</kw>
<kw name="Scroll Element Into View" library="SeleniumLibrary">
<arg>//*[@id="mountRoot"]/div/div[1]/main/div[3]/div[1]/section/div/div[2]/ul/li[2]/label</arg>
<doc>Scrolls the element identified by ``locator`` into view.</doc>
<status status="PASS" starttime="20220216 12:15:23.532" endtime="20220216 12:15:24.677"/>
</kw>
<kw name="Sleep" library="BuiltIn">
<arg>3s</arg>
<doc>Pauses the test executed for the given time.</doc>
<msg timestamp="20220216 12:15:27.688" level="INFO">Slept 3 seconds</msg>
<status status="PASS" starttime="20220216 12:15:24.678" endtime="20220216 12:15:27.689"/>
</kw>
<kw name="Click Element" library="SeleniumLibrary">
<arg>//*[@id="mountRoot"]/div/div[1]/main/div[3]/div[1]/section/div/div[2]/ul/li[2]/label/div</arg>
<doc>Click the element identified by ``locator``.</doc>
<msg timestamp="20220216 12:15:27.693" level="INFO">Clicking element '//*[@id="mountRoot"]/div/div[1]/main/div[3]/div[1]/section/div/div[2]/ul/li[2]/label/div'.</msg>
<status status="PASS" starttime="20220216 12:15:27.690" endtime="20220216 12:15:28.127"/>
</kw>
<kw name="Sleep" library="BuiltIn">
<arg>3s</arg>
<doc>Pauses the test executed for the given time.</doc>
<msg timestamp="20220216 12:15:31.141" level="INFO">Slept 3 seconds</msg>
<status status="PASS" starttime="20220216 12:15:28.129" endtime="20220216 12:15:31.142"/>
</kw>
<kw name="Click Element" library="SeleniumLibrary">
<arg>//*[@id="mountRoot"]/div/div[1]/main/div[3]/div[1]/section/div/div[2]/ul/li[6]/label</arg>
<doc>Click the element identified by ``locator``.</doc>
<msg timestamp="20220216 12:15:31.143" level="INFO">Clicking element '//*[@id="mountRoot"]/div/div[1]/main/div[3]/div[1]/section/div/div[2]/ul/li[6]/label'.</msg>
<status status="PASS" starttime="20220216 12:15:31.142" endtime="20220216 12:15:31.507"/>
</kw>
<kw name="Sleep" library="BuiltIn">
<arg>3s</arg>
<doc>Pauses the test executed for the given time.</doc>
<msg timestamp="20220216 12:15:34.519" level="INFO">Slept 3 seconds</msg>
<status status="PASS" starttime="20220216 12:15:31.507" endtime="20220216 12:15:34.519"/>
</kw>
<kw name="Scroll Element Into View" library="SeleniumLibrary">
<arg>//*[@id="desktopSearchResults"]/div[2]/section/ul/li[8]/a/div[2]/div/span[1]/span[2]</arg>
<doc>Scrolls the element identified by ``locator`` into view.</doc>
<status status="PASS" starttime="20220216 12:15:34.519" endtime="20220216 12:15:34.888"/>
</kw>
<kw name="Sleep" library="BuiltIn">
<arg>3s</arg>
<doc>Pauses the test executed for the given time.</doc>
<msg timestamp="20220216 12:15:37.893" level="INFO">Slept 3 seconds</msg>
<status status="PASS" starttime="20220216 12:15:34.889" endtime="20220216 12:15:37.893"/>
</kw>
<kw name="Click Element" library="SeleniumLibrary">
<arg>//*[@id="desktopSearchResults"]/div[2]/section/ul/li[8]/a/div[2]/div/span[1]/span[2]</arg>
<doc>Click the element identified by ``locator``.</doc>
<msg timestamp="20220216 12:15:37.893" level="INFO">Clicking element '//*[@id="desktopSearchResults"]/div[2]/section/ul/li[8]/a/div[2]/div/span[1]/span[2]'.</msg>
<status status="PASS" starttime="20220216 12:15:37.893" endtime="20220216 12:15:38.221"/>
</kw>
<kw name="Sleep" library="BuiltIn">
<arg>3s</arg>
<doc>Pauses the test executed for the given time.</doc>
<msg timestamp="20220216 12:15:41.234" level="INFO">Slept 3 seconds</msg>
<status status="PASS" starttime="20220216 12:15:38.221" endtime="20220216 12:15:41.235"/>
</kw>
<kw name="Switch Window" library="SeleniumLibrary">
<arg>NEW</arg>
<doc>Switches to browser window matching ``locator``.</doc>
<status status="PASS" starttime="20220216 12:15:41.236" endtime="20220216 12:15:41.277"/>
</kw>
<kw name="Sleep" library="BuiltIn">
<arg>2s</arg>
<doc>Pauses the test executed for the given time.</doc>
<msg timestamp="20220216 12:15:43.296" level="INFO">Slept 2 seconds</msg>
<status status="PASS" starttime="20220216 12:15:41.278" endtime="20220216 12:15:43.297"/>
</kw>
<kw name="Click Element" library="SeleniumLibrary">
<arg>//*[@id="sizeButtonsContainer"]/div[2]/div[3]/div[1]/button/p</arg>
<doc>Click the element identified by ``locator``.</doc>
<msg timestamp="20220216 12:15:43.298" level="INFO">Clicking element '//*[@id="sizeButtonsContainer"]/div[2]/div[3]/div[1]/button/p'.</msg>
<status status="PASS" starttime="20220216 12:15:43.298" endtime="20220216 12:15:44.227"/>
</kw>
<kw name="Sleep" library="BuiltIn">
<arg>3s</arg>
<doc>Pauses the test executed for the given time.</doc>
<msg timestamp="20220216 12:15:47.228" level="INFO">Slept 3 seconds</msg>
<status status="PASS" starttime="20220216 12:15:44.227" endtime="20220216 12:15:47.229"/>
</kw>
<kw name="Click Element" library="SeleniumLibrary">
<arg>//*[@id="mountRoot"]/div/div/div/main/div[2]/div[2]/div[3]/div/div[1]</arg>
<doc>Click the element identified by ``locator``.</doc>
<msg timestamp="20220216 12:15:47.232" level="INFO">Clicking element '//*[@id="mountRoot"]/div/div/div/main/div[2]/div[2]/div[3]/div/div[1]'.</msg>
<status status="PASS" starttime="20220216 12:15:47.231" endtime="20220216 12:15:47.779"/>
</kw>
<kw name="Sleep" library="BuiltIn">
<arg>3s</arg>
<doc>Pauses the test executed for the given time.</doc>
<msg timestamp="20220216 12:15:50.800" level="INFO">Slept 3 seconds</msg>
<status status="PASS" starttime="20220216 12:15:47.779" endtime="20220216 12:15:50.801"/>
</kw>
<kw name="Switch Window" library="SeleniumLibrary">
<arg>MAIN</arg>
<doc>Switches to browser window matching ``locator``.</doc>
<status status="PASS" starttime="20220216 12:15:50.802" endtime="20220216 12:15:50.960"/>
</kw>
<kw name="Reload Page" library="SeleniumLibrary">
<doc>Simulates user reloading page.</doc>
<status status="PASS" starttime="20220216 12:15:50.961" endtime="20220216 12:15:51.076"/>
</kw>
<kw name="Sleep" library="BuiltIn">
<arg>5s</arg>
<doc>Pauses the test executed for the given time.</doc>
<msg timestamp="20220216 12:15:56.078" level="INFO">Slept 5 seconds</msg>
<status status="PASS" starttime="20220216 12:15:51.077" endtime="20220216 12:15:56.078"/>
</kw>
<kw name="Click Element" library="SeleniumLibrary">
<arg>//*[@id="desktop-header-cnt"]/div[2]/div[2]/a[2]/span[3]</arg>
<doc>Click the element identified by ``locator``.</doc>
<msg timestamp="20220216 12:15:56.078" level="INFO">Clicking element '//*[@id="desktop-header-cnt"]/div[2]/div[2]/a[2]/span[3]'.</msg>
<status status="PASS" starttime="20220216 12:15:56.078" endtime="20220216 12:15:59.527"/>
</kw>
<kw name="Sleep" library="BuiltIn">
<arg>5s</arg>
<doc>Pauses the test executed for the given time.</doc>
<msg timestamp="20220216 12:16:04.529" level="INFO">Slept 5 seconds</msg>
<status status="PASS" starttime="20220216 12:15:59.527" endtime="20220216 12:16:04.529"/>
</kw>
<kw name="Click Element" library="SeleniumLibrary">
<arg>//*[@id="appContent"]/div/div/div/div/div[2]/div[3]/a/div</arg>
<doc>Click the element identified by ``locator``.</doc>
<msg timestamp="20220216 12:16:04.529" level="INFO">Clicking element '//*[@id="appContent"]/div/div/div/div/div[2]/div[3]/a/div'.</msg>
<msg timestamp="20220216 12:16:05.995" level="INFO" html="true">&lt;/td&gt;&lt;/tr&gt;&lt;tr&gt;&lt;td colspan="3"&gt;&lt;a href="selenium-screenshot-2.png"&gt;&lt;img src="selenium-screenshot-2.png" width="800px"&gt;&lt;/a&gt;</msg>
<msg timestamp="20220216 12:16:05.995" level="FAIL">ElementClickInterceptedException: Message: element click intercepted: Element &lt;div data-testid="button" class="button-base-button  "&gt;...&lt;/div&gt; is not clickable at point (984, 599). Other element would receive the click: &lt;div class="itemComponents-base-invisibleBackDrop"&gt;&lt;/div&gt;
  (Session info: chrome=98.0.4758.82)
Stacktrace:
Backtrace:
	Ordinal0 [0x011D7AC3+2587331]
	Ordinal0 [0x0116ADD1+2141649]
	Ordinal0 [0x01063BB8+1063864]
	Ordinal0 [0x010965FF+1271295]
	Ordinal0 [0x01094849+1263689]
	Ordinal0 [0x0109248B+1254539]
	Ordinal0 [0x01091289+1249929]
	Ordinal0 [0x01086DD3+1207763]
	Ordinal0 [0x010A868C+1345164]
	Ordinal0 [0x010867A4+1206180]
	Ordinal0 [0x010A87E4+1345508]
	Ordinal0 [0x010B8A0A+1411594]
	Ordinal0 [0x010A84A6+1344678]
	Ordinal0 [0x010853F6+1201142]
	Ordinal0 [0x010862E6+1204966]
	GetHandleVerifier [0x0137DF22+1680738]
	GetHandleVerifier [0x01430DBC+2413564]
	GetHandleVerifier [0x0126D151+563089]
	GetHandleVerifier [0x0126BF13+558419]
	Ordinal0 [0x0117081E+2164766]
	Ordinal0 [0x01175508+2184456]
	Ordinal0 [0x01175650+2184784]
	Ordinal0 [0x0117F5BC+2225596]
	BaseThreadInitThunk [0x76DCFA29+25]
	RtlGetAppContainerNamedObjectPath [0x77207A9E+286]
	RtlGetAppContainerNamedObjectPath [0x77207A6E+238]
</msg>
<status status="FAIL" starttime="20220216 12:16:04.529" endtime="20220216 12:16:05.995"/>
</kw>
<status status="FAIL" starttime="20220216 12:15:01.088" endtime="20220216 12:16:06.003"/>
</kw>
<status status="FAIL" starttime="20220216 12:14:44.661" endtime="20220216 12:16:06.003">ElementClickInterceptedException: Message: element click intercepted: Element &lt;div data-testid="button" class="button-base-button  "&gt;...&lt;/div&gt; is not clickable at point (984, 599). Other element would receive the click: &lt;div class="itemComponents-base-invisibleBackDrop"&gt;&lt;/div&gt;
  (Session info: chrome=98.0.4758.82)
Stacktrace:
Backtrace:
	Ordinal0 [0x011D7AC3+2587331]
	Ordinal0 [0x0116ADD1+2141649]
	Ordinal0 [0x01063BB8+1063864]
	Ordinal0 [0x010965FF+1271295]
	Ordinal0 [0x01094849+1263689]
	Ordinal0 [0x0109248B+1254539]
	Ordinal0 [0x01091289+1249929]
	Ordinal0 [0x01086DD3+1207763]
	Ordinal0 [0x010A868C+1345164]
	Ordinal0 [0x010867A4+1206180]
	Ordinal0 [0x010A87E4+1345508]
	Ordinal0 [0x010B8A0A+1411594]
	Ordinal0 [0x010A84A6+1344678]
	Ordinal0 [0x010853F6+1201142]
	Ordinal0 [0x010862E6+1204966]
	GetHandleVerifier [0x0137DF22+1680738]
	GetHandleVerifier [0x01430DBC+2413564]
	GetHandleVerifier [0x0126D151+563089]
	GetHandleVerifier [0x0126BF13+558419]
	Ordinal0 [0x0117081E+2164766]
	Ordinal0 [0x01175508+2184456]
	Ordinal0 [0x01175650+2184784]
	Ordinal0 [0x0117F5BC+2225596]
	BaseThreadInitThunk [0x76DCFA29+25]
	RtlGetAppContainerNamedObjectPath [0x77207A9E+286]
	RtlGetAppContainerNamedObjectPath [0x77207A6E+238]
</status>
</test>
<status status="FAIL" starttime="20220216 12:14:44.141" endtime="20220216 12:16:06.011"/>
</suite>
<statistics>
<total>
<stat pass="0" fail="1" skip="0">All Tests</stat>
</total>
<tag>
</tag>
<suite>
<stat pass="0" fail="1" skip="0" id="s1" name="MyntraRobot">MyntraRobot</stat>
</suite>
</statistics>
<errors>
</errors>
</robot>
